# JRE version: OpenJDK Runtime Environment (11.0.10) (build 11.0.10+0-b96-7249189)
# Java VM: OpenJDK 64-Bit Server VM (11.0.10+0-b96-7249189, mixed mode, tiered, compressed oops, g1 gc, windows-amd64)
Heap:
 garbage-first heap   total 229376K, used 107762K [0x0000000080000000, 0x0000000100000000)
  region size 1024K, 3 young (3072K), 3 survivors (3072K)
 Metaspace       used 92798K, capacity 95095K, committed 95484K, reserved 1132544K
  class space    used 11976K, capacity 12817K, committed 12928K, reserved 1048576K
GC Heap History (20 events):
Event: 53.378 GC heap after
{Heap after GC invocations=34 (full 0):
 garbage-first heap   total 118784K, used 82648K [0x0000000080000000, 0x0000000100000000)
  region size 1024K, 3 young (3072K), 3 survivors (3072K)
 Metaspace       used 87405K, capacity 89519K, committed 89724K, reserved 1126400K
  class space    used 11243K, capacity 12005K, committed 12032K, reserved 1048576K
}
Event: 55.592 GC heap before
{Heap before GC invocations=35 (full 0):
 garbage-first heap   total 118784K, used 96984K [0x0000000080000000, 0x0000000100000000)
  region size 1024K, 18 young (18432K), 3 survivors (3072K)
 Metaspace       used 89899K, capacity 92181K, committed 92412K, reserved 1130496K
  class space    used 11605K, capacity 12410K, committed 12416K, reserved 1048576K
}
Event: 55.601 GC heap after
{Heap after GC invocations=36 (full 0):
 garbage-first heap   total 118784K, used 84347K [0x0000000080000000, 0x0000000100000000)
  region size 1024K, 2 young (2048K), 2 survivors (2048K)
 Metaspace       used 89899K, capacity 92181K, committed 92412K, reserved 1130496K
  class space    used 11605K, capacity 12410K, committed 12416K, reserved 1048576K
}
Event: 55.906 GC heap before
{Heap before GC invocations=36 (full 0):
 garbage-first heap   total 118784K, used 98683K [0x0000000080000000, 0x0000000100000000)
  region size 1024K, 16 young (16384K), 2 survivors (2048K)
 Metaspace       used 90152K, capacity 92456K, committed 92668K, reserved 1130496K
  class space    used 11617K, capacity 12415K, committed 12416K, reserved 1048576K
}
Event: 55.929 GC heap after
{Heap after GC invocations=37 (full 0):
 garbage-first heap   total 118784K, used 87619K [0x0000000080000000, 0x0000000100000000)
  region size 1024K, 2 young (2048K), 2 survivors (2048K)
 Metaspace       used 90152K, capacity 92456K, committed 92668K, reserved 1130496K
  class space    used 11617K, capacity 12415K, committed 12416K, reserved 1048576K
}
Event: 56.107 GC heap before
{Heap before GC invocations=37 (full 0):
 garbage-first heap   total 118784K, used 98883K [0x0000000080000000, 0x0000000100000000)
  region size 1024K, 13 young (13312K), 2 survivors (2048K)
 Metaspace       used 90515K, capacity 92757K, committed 93052K, reserved 1130496K
  class space    used 11662K, capacity 12448K, committed 12544K, reserved 1048576K
}
Event: 56.121 GC heap after
{Heap after GC invocations=38 (full 0):
 garbage-first heap   total 118784K, used 90062K [0x0000000080000000, 0x0000000100000000)
  region size 1024K, 2 young (2048K), 2 survivors (2048K)
 Metaspace       used 90515K, capacity 92757K, committed 93052K, reserved 1130496K
  class space    used 11662K, capacity 12448K, committed 12544K, reserved 1048576K
}
Event: 56.267 GC heap before
{Heap before GC invocations=38 (full 0):
 garbage-first heap   total 118784K, used 100302K [0x0000000080000000, 0x0000000100000000)
  region size 1024K, 12 young (12288K), 2 survivors (2048K)
 Metaspace       used 90920K, capacity 93222K, committed 93308K, reserved 1130496K
  class space    used 11727K, capacity 12539K, committed 12544K, reserved 1048576K
}
Event: 56.280 GC heap after
{Heap after GC invocations=39 (full 0):
 garbage-first heap   total 118784K, used 92261K [0x0000000080000000, 0x0000000100000000)
  region size 1024K, 2 young (2048K), 2 survivors (2048K)
 Metaspace       used 90920K, capacity 93222K, committed 93308K, reserved 1130496K
  class space    used 11727K, capacity 12539K, committed 12544K, reserved 1048576K
}
Event: 56.394 GC heap before
{Heap before GC invocations=39 (full 0):
 garbage-first heap   total 118784K, used 100453K [0x0000000080000000, 0x0000000100000000)
  region size 1024K, 10 young (10240K), 2 survivors (2048K)
 Metaspace       used 91171K, capacity 93443K, committed 93692K, reserved 1130496K
  class space    used 11766K, capacity 12570K, committed 12672K, reserved 1048576K
}
Event: 56.406 GC heap after
{Heap after GC invocations=40 (full 0):
 garbage-first heap   total 118784K, used 94150K [0x0000000080000000, 0x0000000100000000)
  region size 1024K, 2 young (2048K), 2 survivors (2048K)
 Metaspace       used 91171K, capacity 93443K, committed 93692K, reserved 1130496K
  class space    used 11766K, capacity 12570K, committed 12672K, reserved 1048576K
}
Event: 56.513 GC heap before
{Heap before GC invocations=40 (full 0):
 garbage-first heap   total 118784K, used 101318K [0x0000000080000000, 0x0000000100000000)
  region size 1024K, 9 young (9216K), 2 survivors (2048K)
 Metaspace       used 91318K, capacity 93571K, committed 93692K, reserved 1130496K
  class space    used 11782K, capacity 12570K, committed 12672K, reserved 1048576K
}
Event: 56.527 GC heap after
{Heap after GC invocations=41 (full 0):
 garbage-first heap   total 143360K, used 95700K [0x0000000080000000, 0x0000000100000000)
  region size 1024K, 2 young (2048K), 2 survivors (2048K)
 Metaspace       used 91318K, capacity 93571K, committed 93692K, reserved 1130496K
  class space    used 11782K, capacity 12570K, committed 12672K, reserved 1048576K
}
Event: 56.747 GC heap before
{Heap before GC invocations=42 (full 0):
 garbage-first heap   total 143360K, used 114132K [0x0000000080000000, 0x0000000100000000)
  region size 1024K, 20 young (20480K), 2 survivors (2048K)
 Metaspace       used 91390K, capacity 93673K, committed 93948K, reserved 1130496K
  class space    used 11785K, capacity 12602K, committed 12672K, reserved 1048576K
}
Event: 56.786 GC heap after
{Heap after GC invocations=43 (full 0):
 garbage-first heap   total 143360K, used 99054K [0x0000000080000000, 0x0000000100000000)
  region size 1024K, 3 young (3072K), 3 survivors (3072K)
 Metaspace       used 91390K, capacity 93673K, committed 93948K, reserved 1130496K
  class space    used 11785K, capacity 12602K, committed 12672K, reserved 1048576K
}
Event: 56.868 GC heap before
{Heap before GC invocations=43 (full 0):
 garbage-first heap   total 143360K, used 116462K [0x0000000080000000, 0x0000000100000000)
  region size 1024K, 20 young (20480K), 3 survivors (3072K)
 Metaspace       used 91432K, capacity 93737K, committed 93948K, reserved 1130496K
  class space    used 11789K, capacity 12602K, committed 12672K, reserved 1048576K
}
Event: 56.909 GC heap after
{Heap after GC invocations=44 (full 0):
 garbage-first heap   total 143360K, used 102565K [0x0000000080000000, 0x0000000100000000)
  region size 1024K, 3 young (3072K), 3 survivors (3072K)
 Metaspace       used 91432K, capacity 93737K, committed 93948K, reserved 1130496K
  class space    used 11789K, capacity 12602K, committed 12672K, reserved 1048576K
}
Event: 57.229 GC heap before
{Heap before GC invocations=44 (full 0):
 garbage-first heap   total 143360K, used 117925K [0x0000000080000000, 0x0000000100000000)
  region size 1024K, 18 young (18432K), 3 survivors (3072K)
 Metaspace       used 92012K, capacity 94313K, committed 94460K, reserved 1130496K
  class space    used 11870K, capacity 12666K, committed 12672K, reserved 1048576K
}
Event: 57.245 GC heap after
{Heap after GC invocations=45 (full 0):
 garbage-first heap   total 143360K, used 105607K [0x0000000080000000, 0x0000000100000000)
  region size 1024K, 3 young (3072K), 3 survivors (3072K)
 Metaspace       used 92012K, capacity 94313K, committed 94460K, reserved 1130496K
  class space    used 11870K, capacity 12666K, committed 12672K, reserved 1048576K
}
Event: 57.634 GC heap before
{Heap before GC invocations=45 (full 0):
 garbage-first heap   total 143360K, used 118919K [0x0000000080000000, 0x0000000100000000)
  region size 1024K, 17 young (17408K), 3 survivors (3072K)
 Metaspace       used 92798K, capacity 95095K, committed 95484K, reserved 1132544K
  class space    used 11976K, capacity 12817K, committed 12928K, reserved 1048576K
}

