# JRE version: OpenJDK Runtime Environment (11.0.10) (build 11.0.10+0-b96-7249189)
# Java VM: OpenJDK 64-Bit Server VM (11.0.10+0-b96-7249189, mixed mode, tiered, compressed oops, g1 gc, windows-amd64)
Heap:
 garbage-first heap   total 172032K, used 71758K [0x0000000080000000, 0x0000000100000000)
  region size 1024K, 6 young (6144K), 6 survivors (6144K)
 Metaspace       used 87019K, capacity 89218K, committed 89264K, reserved 1138688K
  class space    used 11241K, capacity 12030K, committed 12032K, reserved 1048576K
GC Heap History (20 events):
Event: 13.159 GC heap before
{Heap before GC invocations=11 (full 0):
 garbage-first heap   total 118784K, used 72143K [0x0000000080000000, 0x0000000100000000)
  region size 1024K, 49 young (50176K), 5 survivors (5120K)
 Metaspace       used 42426K, capacity 43434K, committed 43568K, reserved 1087488K
  class space    used 5384K, capacity 5743K, committed 5760K, reserved 1048576K
}
Event: 13.175 GC heap after
{Heap after GC invocations=12 (full 0):
 garbage-first heap   total 118784K, used 27560K [0x0000000080000000, 0x0000000100000000)
  region size 1024K, 3 young (3072K), 3 survivors (3072K)
 Metaspace       used 42426K, capacity 43434K, committed 43568K, reserved 1087488K
  class space    used 5384K, capacity 5743K, committed 5760K, reserved 1048576K
}
Event: 14.539 GC heap before
{Heap before GC invocations=12 (full 0):
 garbage-first heap   total 118784K, used 75688K [0x0000000080000000, 0x0000000100000000)
  region size 1024K, 50 young (51200K), 3 survivors (3072K)
 Metaspace       used 45817K, capacity 47018K, committed 47280K, reserved 1089536K
  class space    used 5876K, capacity 6300K, committed 6400K, reserved 1048576K
}
Event: 14.551 GC heap after
{Heap after GC invocations=13 (full 0):
 garbage-first heap   total 143360K, used 29166K [0x0000000080000000, 0x0000000100000000)
  region size 1024K, 4 young (4096K), 4 survivors (4096K)
 Metaspace       used 45817K, capacity 47018K, committed 47280K, reserved 1089536K
  class space    used 5876K, capacity 6300K, committed 6400K, reserved 1048576K
}
Event: 16.566 GC heap before
{Heap before GC invocations=13 (full 0):
 garbage-first heap   total 143360K, used 97774K [0x0000000080000000, 0x0000000100000000)
  region size 1024K, 68 young (69632K), 4 survivors (4096K)
 Metaspace       used 50480K, capacity 51819K, committed 51888K, reserved 1093632K
  class space    used 6433K, capacity 6902K, committed 6912K, reserved 1048576K
}
Event: 16.584 GC heap after
{Heap after GC invocations=14 (full 0):
 garbage-first heap   total 143360K, used 40686K [0x0000000080000000, 0x0000000100000000)
  region size 1024K, 9 young (9216K), 9 survivors (9216K)
 Metaspace       used 50480K, capacity 51819K, committed 51888K, reserved 1093632K
  class space    used 6433K, capacity 6902K, committed 6912K, reserved 1048576K
}
Event: 18.499 GC heap before
{Heap before GC invocations=14 (full 0):
 garbage-first heap   total 143360K, used 88814K [0x0000000080000000, 0x0000000100000000)
  region size 1024K, 57 young (58368K), 9 survivors (9216K)
 Metaspace       used 58269K, capacity 59722K, committed 59824K, reserved 1101824K
  class space    used 7353K, capacity 7870K, committed 7936K, reserved 1048576K
}
Event: 18.535 GC heap after
{Heap after GC invocations=15 (full 0):
 garbage-first heap   total 143360K, used 43160K [0x0000000080000000, 0x0000000100000000)
  region size 1024K, 3 young (3072K), 3 survivors (3072K)
 Metaspace       used 58269K, capacity 59722K, committed 59824K, reserved 1101824K
  class space    used 7353K, capacity 7870K, committed 7936K, reserved 1048576K
}
Event: 20.120 GC heap before
{Heap before GC invocations=16 (full 0):
 garbage-first heap   total 143360K, used 98456K [0x0000000080000000, 0x0000000100000000)
  region size 1024K, 57 young (58368K), 3 survivors (3072K)
 Metaspace       used 63920K, capacity 65422K, committed 65712K, reserved 1105920K
  class space    used 8055K, capacity 8605K, committed 8704K, reserved 1048576K
}
Event: 20.142 GC heap after
{Heap after GC invocations=17 (full 0):
 garbage-first heap   total 143360K, used 48121K [0x0000000080000000, 0x0000000100000000)
  region size 1024K, 8 young (8192K), 8 survivors (8192K)
 Metaspace       used 63920K, capacity 65422K, committed 65712K, reserved 1105920K
  class space    used 8055K, capacity 8605K, committed 8704K, reserved 1048576K
}
Event: 21.546 GC heap before
{Heap before GC invocations=17 (full 0):
 garbage-first heap   total 143360K, used 102393K [0x0000000080000000, 0x0000000100000000)
  region size 1024K, 61 young (62464K), 8 survivors (8192K)
 Metaspace       used 68237K, capacity 69815K, committed 70064K, reserved 1110016K
  class space    used 8780K, capacity 9362K, committed 9472K, reserved 1048576K
}
Event: 21.567 GC heap after
{Heap after GC invocations=18 (full 0):
 garbage-first heap   total 143360K, used 52269K [0x0000000080000000, 0x0000000100000000)
  region size 1024K, 5 young (5120K), 5 survivors (5120K)
 Metaspace       used 68237K, capacity 69815K, committed 70064K, reserved 1110016K
  class space    used 8780K, capacity 9362K, committed 9472K, reserved 1048576K
}
Event: 23.602 GC heap before
{Heap before GC invocations=18 (full 0):
 garbage-first heap   total 143360K, used 106541K [0x0000000080000000, 0x0000000100000000)
  region size 1024K, 58 young (59392K), 5 survivors (5120K)
 Metaspace       used 73007K, capacity 74728K, committed 74800K, reserved 1114112K
  class space    used 9427K, capacity 10064K, committed 10112K, reserved 1048576K
}
Event: 23.622 GC heap after
{Heap after GC invocations=19 (full 0):
 garbage-first heap   total 172032K, used 55713K [0x0000000080000000, 0x0000000100000000)
  region size 1024K, 4 young (4096K), 4 survivors (4096K)
 Metaspace       used 73007K, capacity 74728K, committed 74800K, reserved 1114112K
  class space    used 9427K, capacity 10064K, committed 10112K, reserved 1048576K
}
Event: 25.383 GC heap before
{Heap before GC invocations=19 (full 0):
 garbage-first heap   total 172032K, used 123297K [0x0000000080000000, 0x0000000100000000)
  region size 1024K, 71 young (72704K), 4 survivors (4096K)
 Metaspace       used 80640K, capacity 82674K, committed 82864K, reserved 1120256K
  class space    used 10433K, capacity 11165K, committed 11264K, reserved 1048576K
}
Event: 25.405 GC heap after
{Heap after GC invocations=20 (full 0):
 garbage-first heap   total 172032K, used 62095K [0x0000000080000000, 0x0000000100000000)
  region size 1024K, 9 young (9216K), 9 survivors (9216K)
 Metaspace       used 80640K, capacity 82674K, committed 82864K, reserved 1120256K
  class space    used 10433K, capacity 11165K, committed 11264K, reserved 1048576K
}
Event: 27.180 GC heap before
{Heap before GC invocations=20 (full 0):
 garbage-first heap   total 172032K, used 127631K [0x0000000080000000, 0x0000000100000000)
  region size 1024K, 74 young (75776K), 9 survivors (9216K)
 Metaspace       used 81739K, capacity 83824K, committed 84016K, reserved 1122304K
  class space    used 10535K, capacity 11274K, committed 11392K, reserved 1048576K
}
Event: 27.208 GC heap after
{Heap after GC invocations=21 (full 0):
 garbage-first heap   total 172032K, used 66774K [0x0000000080000000, 0x0000000100000000)
  region size 1024K, 5 young (5120K), 5 survivors (5120K)
 Metaspace       used 81739K, capacity 83824K, committed 84016K, reserved 1122304K
  class space    used 10535K, capacity 11274K, committed 11392K, reserved 1048576K
}
Event: 28.228 GC heap before
{Heap before GC invocations=21 (full 0):
 garbage-first heap   total 172032K, used 130262K [0x0000000080000000, 0x0000000100000000)
  region size 1024K, 68 young (69632K), 5 survivors (5120K)
 Metaspace       used 83803K, capacity 85896K, committed 86064K, reserved 1124352K
  class space    used 10781K, capacity 11543K, committed 11648K, reserved 1048576K
}
Event: 28.251 GC heap after
{Heap after GC invocations=22 (full 0):
 garbage-first heap   total 172032K, used 69855K [0x0000000080000000, 0x0000000100000000)
  region size 1024K, 8 young (8192K), 8 survivors (8192K)
 Metaspace       used 83803K, capacity 85896K, committed 86064K, reserved 1124352K
  class space    used 10781K, capacity 11543K, committed 11648K, reserved 1048576K
}

