# JRE version: OpenJDK Runtime Environment (11.0.10) (build 11.0.10+0-b96-7249189)
# Java VM: OpenJDK 64-Bit Server VM (11.0.10+0-b96-7249189, mixed mode, tiered, compressed oops, g1 gc, windows-amd64)
Heap:
 garbage-first heap   total 172032K, used 90506K [0x0000000080000000, 0x0000000100000000)
  region size 1024K, 24 young (24576K), 9 survivors (9216K)
 Metaspace       used 88485K, capacity 90657K, committed 91004K, reserved 1128448K
  class space    used 11400K, capacity 12168K, committed 12288K, reserved 1048576K
GC Heap History (20 events):
Event: 18.003 GC heap before
{Heap before GC invocations=13 (full 0):
 garbage-first heap   total 118784K, used 93340K [0x0000000080000000, 0x0000000100000000)
  region size 1024K, 67 young (68608K), 7 survivors (7168K)
 Metaspace       used 47410K, capacity 48670K, committed 48892K, reserved 1091584K
  class space    used 6062K, capacity 6503K, committed 6528K, reserved 1048576K
}
Event: 18.024 GC heap after
{Heap after GC invocations=14 (full 0):
 garbage-first heap   total 118784K, used 39757K [0x0000000080000000, 0x0000000100000000)
  region size 1024K, 9 young (9216K), 9 survivors (9216K)
 Metaspace       used 47410K, capacity 48670K, committed 48892K, reserved 1091584K
  class space    used 6062K, capacity 6503K, committed 6528K, reserved 1048576K
}
Event: 20.681 GC heap before
{Heap before GC invocations=14 (full 0):
 garbage-first heap   total 118784K, used 90957K [0x0000000080000000, 0x0000000100000000)
  region size 1024K, 59 young (60416K), 9 survivors (9216K)
 Metaspace       used 54408K, capacity 55713K, committed 55932K, reserved 1097728K
  class space    used 6911K, capacity 7411K, committed 7424K, reserved 1048576K
}
Event: 20.700 GC heap after
{Heap after GC invocations=15 (full 0):
 garbage-first heap   total 143360K, used 42863K [0x0000000080000000, 0x0000000100000000)
  region size 1024K, 3 young (3072K), 3 survivors (3072K)
 Metaspace       used 54408K, capacity 55713K, committed 55932K, reserved 1097728K
  class space    used 6911K, capacity 7411K, committed 7424K, reserved 1048576K
}
Event: 23.901 GC heap before
{Heap before GC invocations=15 (full 0):
 garbage-first heap   total 143360K, used 102255K [0x0000000080000000, 0x0000000100000000)
  region size 1024K, 62 young (63488K), 3 survivors (3072K)
 Metaspace       used 62308K, capacity 63872K, committed 64124K, reserved 1105920K
  class space    used 7843K, capacity 8372K, committed 8448K, reserved 1048576K
}
Event: 23.916 GC heap after
{Heap after GC invocations=16 (full 0):
 garbage-first heap   total 143360K, used 46901K [0x0000000080000000, 0x0000000100000000)
  region size 1024K, 7 young (7168K), 7 survivors (7168K)
 Metaspace       used 62308K, capacity 63872K, committed 64124K, reserved 1105920K
  class space    used 7843K, capacity 8372K, committed 8448K, reserved 1048576K
}
Event: 25.931 GC heap before
{Heap before GC invocations=16 (full 0):
 garbage-first heap   total 143360K, used 99125K [0x0000000080000000, 0x0000000100000000)
  region size 1024K, 58 young (59392K), 7 survivors (7168K)
 Metaspace       used 65508K, capacity 67046K, committed 67196K, reserved 1107968K
  class space    used 8275K, capacity 8847K, committed 8960K, reserved 1048576K
}
Event: 25.969 GC heap after
{Heap after GC invocations=17 (full 0):
 garbage-first heap   total 143360K, used 51426K [0x0000000080000000, 0x0000000100000000)
  region size 1024K, 9 young (9216K), 9 survivors (9216K)
 Metaspace       used 65508K, capacity 67046K, committed 67196K, reserved 1107968K
  class space    used 8275K, capacity 8847K, committed 8960K, reserved 1048576K
}
Event: 28.643 GC heap before
{Heap before GC invocations=18 (full 0):
 garbage-first heap   total 143360K, used 108770K [0x0000000080000000, 0x0000000100000000)
  region size 1024K, 65 young (66560K), 9 survivors (9216K)
 Metaspace       used 71840K, capacity 73516K, committed 73852K, reserved 1114112K
  class space    used 9282K, capacity 9862K, committed 9984K, reserved 1048576K
}
Event: 28.681 GC heap after
{Heap after GC invocations=19 (full 0):
 garbage-first heap   total 143360K, used 54912K [0x0000000080000000, 0x0000000100000000)
  region size 1024K, 8 young (8192K), 8 survivors (8192K)
 Metaspace       used 71840K, capacity 73516K, committed 73852K, reserved 1114112K
  class space    used 9282K, capacity 9862K, committed 9984K, reserved 1048576K
}
Event: 30.657 GC heap before
{Heap before GC invocations=20 (full 0):
 garbage-first heap   total 143360K, used 112256K [0x0000000080000000, 0x0000000100000000)
  region size 1024K, 64 young (65536K), 8 survivors (8192K)
 Metaspace       used 77635K, capacity 79451K, committed 79740K, reserved 1118208K
  class space    used 10047K, capacity 10707K, committed 10752K, reserved 1048576K
}
Event: 30.682 GC heap after
{Heap after GC invocations=21 (full 0):
 garbage-first heap   total 143360K, used 59091K [0x0000000080000000, 0x0000000100000000)
  region size 1024K, 8 young (8192K), 8 survivors (8192K)
 Metaspace       used 77635K, capacity 79451K, committed 79740K, reserved 1118208K
  class space    used 10047K, capacity 10707K, committed 10752K, reserved 1048576K
}
Event: 33.232 GC heap before
{Heap before GC invocations=21 (full 0):
 garbage-first heap   total 143360K, used 113363K [0x0000000080000000, 0x0000000100000000)
  region size 1024K, 62 young (63488K), 8 survivors (8192K)
 Metaspace       used 81240K, capacity 83257K, committed 83324K, reserved 1122304K
  class space    used 10500K, capacity 11226K, committed 11264K, reserved 1048576K
}
Event: 33.259 GC heap after
{Heap after GC invocations=22 (full 0):
 garbage-first heap   total 143360K, used 63681K [0x0000000080000000, 0x0000000100000000)
  region size 1024K, 8 young (8192K), 8 survivors (8192K)
 Metaspace       used 81240K, capacity 83257K, committed 83324K, reserved 1122304K
  class space    used 10500K, capacity 11226K, committed 11264K, reserved 1048576K
}
Event: 34.523 GC heap before
{Heap before GC invocations=22 (full 0):
 garbage-first heap   total 143360K, used 113857K [0x0000000080000000, 0x0000000100000000)
  region size 1024K, 58 young (59392K), 8 survivors (8192K)
 Metaspace       used 81878K, capacity 83963K, committed 84220K, reserved 1122304K
  class space    used 10541K, capacity 11314K, committed 11392K, reserved 1048576K
}
Event: 34.549 GC heap after
{Heap after GC invocations=23 (full 0):
 garbage-first heap   total 172032K, used 68179K [0x0000000080000000, 0x0000000100000000)
  region size 1024K, 4 young (4096K), 4 survivors (4096K)
 Metaspace       used 81878K, capacity 83963K, committed 84220K, reserved 1122304K
  class space    used 10541K, capacity 11314K, committed 11392K, reserved 1048576K
}
Event: 36.096 GC heap before
{Heap before GC invocations=23 (full 0):
 garbage-first heap   total 172032K, used 127571K [0x0000000080000000, 0x0000000100000000)
  region size 1024K, 63 young (64512K), 4 survivors (4096K)
 Metaspace       used 84470K, capacity 86688K, committed 86908K, reserved 1124352K
  class space    used 10880K, capacity 11657K, committed 11776K, reserved 1048576K
}
Event: 36.114 GC heap after
{Heap after GC invocations=24 (full 0):
 garbage-first heap   total 172032K, used 70227K [0x0000000080000000, 0x0000000100000000)
  region size 1024K, 6 young (6144K), 6 survivors (6144K)
 Metaspace       used 84470K, capacity 86688K, committed 86908K, reserved 1124352K
  class space    used 10880K, capacity 11657K, committed 11776K, reserved 1048576K
}
Event: 37.448 GC heap before
{Heap before GC invocations=24 (full 0):
 garbage-first heap   total 172032K, used 130643K [0x0000000080000000, 0x0000000100000000)
  region size 1024K, 66 young (67584K), 6 survivors (6144K)
 Metaspace       used 87347K, capacity 89547K, committed 89724K, reserved 1126400K
  class space    used 11236K, capacity 12013K, committed 12032K, reserved 1048576K
}
Event: 37.475 GC heap after
{Heap after GC invocations=25 (full 0):
 garbage-first heap   total 172032K, used 77194K [0x0000000080000000, 0x0000000100000000)
  region size 1024K, 9 young (9216K), 9 survivors (9216K)
 Metaspace       used 87347K, capacity 89547K, committed 89724K, reserved 1126400K
  class space    used 11236K, capacity 12013K, committed 12032K, reserved 1048576K
}

